[0m15:40:40.323479 [debug] [MainThread]: Sending event: {'category': 'dbt', 'action': 'invocation', 'label': 'start', 'context': [<snowplow_tracker.self_describing_json.SelfDescribingJson object at 0x1095a07d0>, <snowplow_tracker.self_describing_json.SelfDescribingJson object at 0x1094aa510>, <snowplow_tracker.self_describing_json.SelfDescribingJson object at 0x1095be120>]}


============================== 15:40:40.326894 | 63865ac6-cb01-475d-9f10-b8db64ab47ec ==============================
[0m15:40:40.326894 [info ] [MainThread]: Running with dbt=1.10.11
[0m15:40:40.327241 [debug] [MainThread]: running dbt with arguments {'fail_fast': 'False', 'debug': 'False', 'empty': 'None', 'no_print': 'None', 'static_parser': 'True', 'printer_width': '80', 'indirect_selection': 'eager', 'use_experimental_parser': 'False', 'send_anonymous_usage_stats': 'True', 'log_cache_events': 'False', 'warn_error': 'None', 'quiet': 'False', 'profiles_dir': '.', 'cache_selected_only': 'False', 'log_format': 'default', 'log_path': 'logs', 'warn_error_options': 'WarnErrorOptionsV2(error=[], warn=[], silence=[])', 'target_path': 'None', 'version_check': 'True', 'partial_parse': 'True', 'use_colors': 'True', 'introspect': 'True', 'write_json': 'True', 'invocation_command': 'dbt init portfolio_dbt --profiles-dir .'}
[0m15:40:40.337539 [debug] [MainThread]: Starter project path: /Users/trevormiller/.pyenv/versions/3.12.3/lib/python3.12/site-packages/dbt/include/starter_project
[0m15:40:40.341916 [info ] [MainThread]: 
Your new dbt project "portfolio_dbt" was created!

For more information on how to configure the profiles.yml file,
please consult the dbt documentation here:

  https://docs.getdbt.com/docs/configure-your-profile

One more thing:

Need help? Don't hesitate to reach out to us via GitHub issues or on Slack:

  https://community.getdbt.com/

Happy modeling!

[0m15:40:40.342152 [info ] [MainThread]: Setting up your profile.
[0m15:40:40.342579 [error] [MainThread]: Encountered an error:

[0m15:40:40.344642 [error] [MainThread]: Traceback (most recent call last):
  File "/Users/trevormiller/.pyenv/versions/3.12.3/lib/python3.12/site-packages/dbt/cli/requires.py", line 178, in wrapper
    result, success = func(*args, **kwargs)
                      ^^^^^^^^^^^^^^^^^^^^^
  File "/Users/trevormiller/.pyenv/versions/3.12.3/lib/python3.12/site-packages/dbt/cli/requires.py", line 128, in wrapper
    return func(*args, **kwargs)
           ^^^^^^^^^^^^^^^^^^^^^
  File "/Users/trevormiller/.pyenv/versions/3.12.3/lib/python3.12/site-packages/dbt/cli/main.py", line 483, in init
    results = task.run()
              ^^^^^^^^^^
  File "/Users/trevormiller/.pyenv/versions/3.12.3/lib/python3.12/site-packages/dbt/task/init.py", line 346, in run
    self.setup_profile(profile_name)
  File "/Users/trevormiller/.pyenv/versions/3.12.3/lib/python3.12/site-packages/dbt/task/init.py", line 261, in setup_profile
    adapter = self.ask_for_adapter_choice()
              ^^^^^^^^^^^^^^^^^^^^^^^^^^^^^
  File "/Users/trevormiller/.pyenv/versions/3.12.3/lib/python3.12/site-packages/dbt/task/init.py", line 242, in ask_for_adapter_choice
    numeric_choice = click.prompt(prompt_msg, type=click.INT)
                     ^^^^^^^^^^^^^^^^^^^^^^^^^^^^^^^^^^^^^^^^
  File "/Users/trevormiller/.pyenv/versions/3.12.3/lib/python3.12/site-packages/click/termui.py", line 168, in prompt
    value = prompt_func(prompt)
            ^^^^^^^^^^^^^^^^^^^
  File "/Users/trevormiller/.pyenv/versions/3.12.3/lib/python3.12/site-packages/click/termui.py", line 151, in prompt_func
    raise Abort() from None
click.exceptions.Abort

[0m15:40:40.353638 [debug] [MainThread]: Resource report: {"command_name": "init", "command_success": false, "command_wall_clock_time": 0.07478817, "process_in_blocks": "0", "process_kernel_time": 0.145834, "process_mem_max_rss": "104644608", "process_out_blocks": "0", "process_user_time": 0.811186}
[0m15:40:40.353949 [debug] [MainThread]: Command `dbt init` failed at 15:40:40.353894 after 0.08 seconds
[0m15:40:40.354172 [debug] [MainThread]: Sending event: {'category': 'dbt', 'action': 'invocation', 'label': 'end', 'context': [<snowplow_tracker.self_describing_json.SelfDescribingJson object at 0x109445760>, <snowplow_tracker.self_describing_json.SelfDescribingJson object at 0x1079837a0>, <snowplow_tracker.self_describing_json.SelfDescribingJson object at 0x1093ffe00>]}
[0m15:40:40.354406 [debug] [MainThread]: Flushing usage events
[0m15:40:40.538527 [debug] [MainThread]: An error was encountered while trying to flush usage events
